<?xml version="1.0" encoding="UTF-8"?>

<mule xmlns:ee="http://www.mulesoft.org/schema/mule/ee/core" xmlns:http="http://www.mulesoft.org/schema/mule/http"
	xmlns="http://www.mulesoft.org/schema/mule/core"
	xmlns:doc="http://www.mulesoft.org/schema/mule/documentation" xmlns:xsi="http://www.w3.org/2001/XMLSchema-instance" xsi:schemaLocation="http://www.mulesoft.org/schema/mule/core http://www.mulesoft.org/schema/mule/core/current/mule.xsd
http://www.mulesoft.org/schema/mule/http http://www.mulesoft.org/schema/mule/http/current/mule-http.xsd
http://www.mulesoft.org/schema/mule/ee/core http://www.mulesoft.org/schema/mule/ee/core/current/mule-ee.xsd">
	<http:listener-config name="HTTP_Listener_config" doc:name="HTTP Listener config" doc:id="dbe464a1-2dc4-43b9-af72-c05d7d5263b1" >
		<http:listener-connection host="0.0.0.0" port="8081" />
	</http:listener-config>
	<flow name="test-gitFlow" doc:id="71049d1e-5dde-421e-bf97-bafdd470a133" >
		<http:listener doc:name="Listener" doc:id="9f2ade94-8950-4f1f-9bd5-5ca99ca82840" config-ref="HTTP_Listener_config" path="/api/*"/>
		<ee:transform doc:name="Transform Message" doc:id="51ccfc95-3912-4e0d-9aeb-b502d8ea71b3" >
			<ee:message >
				<ee:set-payload ><![CDATA[%dw 2.0
output application/json
---
{
	name: 'test',
	firstname: 'test2'
}]]></ee:set-payload>
			</ee:message>
		</ee:transform>
		<logger level="INFO" doc:name="Logger" doc:id="aca8bb66-d38d-4c1e-96bd-4f04c3aeada2" />
	</flow>
</mule>
